[INFO ] 2024-12-31 12:08:39.318 [main] MyStore - url opened
[INFO ] 2024-12-31 12:08:41.155 [main] MyStore - Select Title check box
[INFO ] 2024-12-31 12:08:42.322 [main] MyStore - Enter first name
[INFO ] 2024-12-31 12:08:42.429 [main] MyStore - Enter last name
[INFO ] 2024-12-31 12:08:42.536 [main] MyStore - Enter password
[INFO ] 2024-12-31 12:08:42.672 [main] MyStore - select DOB - Days
[INFO ] 2024-12-31 12:14:15.737 [main] MyStore - url opened
[INFO ] 2024-12-31 12:14:17.326 [main] MyStore - Select Title check box
[INFO ] 2024-12-31 12:14:18.509 [main] MyStore - Enter first name
[INFO ] 2024-12-31 12:14:18.611 [main] MyStore - Enter last name
[INFO ] 2024-12-31 12:14:18.710 [main] MyStore - Enter password
[INFO ] 2024-12-31 12:14:18.883 [main] MyStore - select DOB - Days
[INFO ] 2024-12-31 12:17:48.900 [main] MyStore - url opened
[INFO ] 2024-12-31 12:17:50.401 [main] MyStore - Select Title check box
[INFO ] 2024-12-31 12:17:51.382 [main] MyStore - Enter first name
[INFO ] 2024-12-31 12:17:51.487 [main] MyStore - Enter last name
[INFO ] 2024-12-31 12:17:51.596 [main] MyStore - Enter password
[INFO ] 2024-12-31 12:17:51.712 [main] MyStore - select DOB - Days
[INFO ] 2024-12-31 12:24:26.438 [main] MyStore - url opened
[INFO ] 2024-12-31 12:24:28.026 [main] MyStore - Select Title check box
[INFO ] 2024-12-31 12:24:29.087 [main] MyStore - Enter first name
[INFO ] 2024-12-31 12:24:29.201 [main] MyStore - Enter last name
[INFO ] 2024-12-31 12:24:29.307 [main] MyStore - Enter password
[INFO ] 2024-12-31 12:24:29.455 [main] MyStore - select DOB - Days
[INFO ] 2024-12-31 13:31:05.196 [main] MyStore - url opened
[INFO ] 2024-12-31 13:31:06.722 [main] MyStore - Select Title check box
[INFO ] 2024-12-31 13:31:07.822 [main] MyStore - Enter first name
[INFO ] 2024-12-31 13:31:07.931 [main] MyStore - Enter last name
[INFO ] 2024-12-31 13:31:08.038 [main] MyStore - Enter password
[INFO ] 2024-12-31 13:31:08.159 [main] MyStore - select DOB - Days
[INFO ] 2024-12-31 13:31:08.434 [main] MyStore - select DOB - Month
[INFO ] 2024-12-31 13:31:08.621 [main] MyStore - select DOB - Year
[INFO ] 2024-12-31 13:31:08.794 [main] MyStore - click on check box
[INFO ] 2025-01-04 22:45:14.148 [main] MyStore - url opened
[INFO ] 2025-01-04 22:48:02.946 [main] MyStore - url opened
[INFO ] 2025-01-04 22:53:14.128 [main] MyStore - url opened
[INFO ] 2025-01-04 23:07:09.843 [main] MyStore - url opened
[INFO ] 2025-01-04 23:07:11.452 [main] MyStore - Select Title check box
[INFO ] 2025-01-04 23:07:12.628 [main] MyStore - Enter first name
[INFO ] 2025-01-04 23:07:12.734 [main] MyStore - Enter last name
[INFO ] 2025-01-04 23:07:12.831 [main] MyStore - Enter password
[INFO ] 2025-01-04 23:07:12.967 [main] MyStore - select DOB - Days
[INFO ] 2025-01-04 23:07:13.237 [main] MyStore - select DOB - Month
[INFO ] 2025-01-04 23:07:13.423 [main] MyStore - select DOB - Year
[INFO ] 2025-01-04 23:07:13.575 [main] MyStore - click on check box
[INFO ] 2025-01-04 23:28:07.202 [main] MyStore - url opened
[INFO ] 2025-01-04 23:28:08.996 [main] MyStore - Select Title check box
[INFO ] 2025-01-04 23:28:10.042 [main] MyStore - Enter first name
[INFO ] 2025-01-04 23:28:10.155 [main] MyStore - Enter last name
[INFO ] 2025-01-04 23:28:10.256 [main] MyStore - Enter password
[INFO ] 2025-01-04 23:28:10.374 [main] MyStore - select DOB - Days
[INFO ] 2025-01-04 23:28:10.643 [main] MyStore - select DOB - Month
[INFO ] 2025-01-04 23:28:10.830 [main] MyStore - select DOB - Year
[INFO ] 2025-01-04 23:28:10.989 [main] MyStore - click on check box
[INFO ] 2025-01-04 23:28:18.091 [main] MyStore - User account is verified....
[INFO ] 2025-01-16 22:24:11.219 [main] MyStore - url opened
[INFO ] 2025-01-16 22:25:28.199 [main] MyStore - url opened
[INFO ] 2025-01-16 22:26:46.658 [main] MyStore - url opened
[INFO ] 2025-01-16 22:27:00.268 [main] MyStore - User account is verified....
[INFO ] 2025-01-16 22:42:07.640 [main] MyStore - url opened
[INFO ] 2025-01-16 22:44:39.581 [main] MyStore - url opened
[INFO ] 2025-01-16 22:51:51.834 [main] MyStore - url opened
[INFO ] 2025-01-16 23:20:31.810 [main] MyStore - url opened
[INFO ] 2025-01-16 23:20:36.129 [main] MyStore - User account is verified....
