[INFO ] 2024-12-29 23:01:35.739 [main] MyStore - url opened
[INFO ] 2024-12-30 23:18:32.709 [main] MyStore - url opened
[INFO ] 2024-12-30 23:20:36.137 [main] MyStore - url opened
[INFO ] 2024-12-30 23:27:58.111 [main] MyStore - url opened
[INFO ] 2024-12-30 23:27:59.382 [main] MyStore - Select Title check box
[INFO ] 2024-12-30 23:28:00.364 [main] MyStore - Enter first name
[INFO ] 2024-12-30 23:28:00.417 [main] MyStore - Enter last name
[INFO ] 2024-12-30 23:28:00.447 [main] MyStore - Enter password
[INFO ] 2024-12-30 23:28:00.511 [main] MyStore - select DOB - Days
[INFO ] 2024-12-30 23:30:31.670 [main] MyStore - url opened
[INFO ] 2024-12-30 23:30:33.294 [main] MyStore - Select Title check box
[INFO ] 2024-12-30 23:30:34.285 [main] MyStore - Enter first name
[INFO ] 2024-12-30 23:30:34.337 [main] MyStore - Enter last name
[INFO ] 2024-12-30 23:30:34.384 [main] MyStore - Enter password
[INFO ] 2024-12-30 23:30:34.441 [main] MyStore - select DOB - Days
[INFO ] 2024-12-30 23:33:29.504 [main] MyStore - url opened
[INFO ] 2024-12-30 23:34:05.659 [main] MyStore - Select Title check box
[INFO ] 2024-12-30 23:34:32.852 [main] MyStore - Enter first name
[INFO ] 2024-12-30 23:34:53.845 [main] MyStore - Enter last name
[INFO ] 2024-12-30 23:35:15.780 [main] MyStore - Enter password
[INFO ] 2024-12-30 23:36:55.679 [main] MyStore - url opened
[INFO ] 2024-12-30 23:36:57.325 [main] MyStore - Select Title check box
[INFO ] 2024-12-30 23:36:58.322 [main] MyStore - Enter first name
[INFO ] 2024-12-30 23:36:58.373 [main] MyStore - Enter last name
[INFO ] 2024-12-30 23:36:58.427 [main] MyStore - Enter password
[INFO ] 2024-12-30 23:36:58.484 [main] MyStore - select DOB - Days
[INFO ] 2024-12-30 23:37:57.314 [main] MyStore - url opened
[INFO ] 2024-12-30 23:37:58.954 [main] MyStore - Select Title check box
[INFO ] 2024-12-30 23:38:00.003 [main] MyStore - Enter first name
[INFO ] 2024-12-30 23:38:00.056 [main] MyStore - Enter last name
[INFO ] 2024-12-30 23:38:16.813 [main] MyStore - Enter password
[INFO ] 2024-12-30 23:38:23.697 [main] MyStore - select DOB - Days
[INFO ] 2024-12-30 23:40:40.969 [main] MyStore - url opened
[INFO ] 2024-12-30 23:40:42.210 [main] MyStore - Select Title check box
[INFO ] 2024-12-30 23:40:43.192 [main] MyStore - Enter first name
[INFO ] 2024-12-30 23:40:43.245 [main] MyStore - Enter last name
[INFO ] 2024-12-30 23:40:43.293 [main] MyStore - Enter password
[INFO ] 2024-12-30 23:45:12.751 [main] MyStore - url opened
[INFO ] 2024-12-30 23:45:14.176 [main] MyStore - Select Title check box
[INFO ] 2024-12-30 23:45:15.166 [main] MyStore - Enter first name
[INFO ] 2024-12-30 23:45:15.219 [main] MyStore - Enter last name
[INFO ] 2024-12-30 23:45:15.270 [main] MyStore - Enter password
[INFO ] 2024-12-30 23:45:15.328 [main] MyStore - select DOB - Days
